
---------- Resource Summary (begin) ----------
Inputs: 7 / 438 (1.60%)
Outputs: 12 / 595 (2.02%)
Clocks: 3 / 16 (18.75%)
Logic Elements: 6697 / 19728 (33.95%)
	LE: LUTs/Adders: 3605 / 19728 (18.27%)
	LE: Registers: 3320 / 13920 (23.85%)
Memory Blocks: 0 / 204 (0.00%)
Multipliers: 0 / 36 (0.00%)
---------- Resource Summary (end) ----------


---------- Resource Summary (begin) ----------
Inputs: 7 / 438 (1.60%)
Outputs: 12 / 595 (2.02%)
Clocks: 3 / 16 (18.75%)
Logic Elements: 6697 / 19728 (33.95%)
	LE: LUTs/Adders: 3605 / 19728 (18.27%)
	LE: Registers: 3320 / 13920 (23.85%)
Memory Blocks: 0 / 204 (0.00%)
Multipliers: 0 / 36 (0.00%)
---------- Resource Summary (end) ----------

